[error] Failed to fetch Firebase Project from Studio Workspace because WORKSPACE_SLUG environment variable is empty
[error] Failed to fetch Firebase Project from Studio Workspace because WORKSPACE_SLUG environment variable is empty
[error] Failed to fetch Firebase Project from Studio Workspace because WORKSPACE_SLUG environment variable is empty
[error] Failed to fetch Firebase Project from Studio Workspace because WORKSPACE_SLUG environment variable is empty
[debug] [2026-02-05T02:50:48.234Z] > command requires scopes: ["email","openid","https://www.googleapis.com/auth/cloudplatformprojects.readonly","https://www.googleapis.com/auth/firebase","https://www.googleapis.com/auth/cloud-platform","https://www.googleapis.com/auth/userinfo.email"]
[debug] [2026-02-05T02:50:48.236Z] > command requires scopes: ["email","openid","https://www.googleapis.com/auth/cloudplatformprojects.readonly","https://www.googleapis.com/auth/firebase","https://www.googleapis.com/auth/cloud-platform","https://www.googleapis.com/auth/userinfo.email"]
[debug] [2026-02-05T02:50:57.302Z] Running auto auth
[debug] [2026-02-05T02:50:57.305Z] Running auto auth
[debug] [2026-02-05T02:50:57.355Z] No OAuth tokens found
[debug] [2026-02-05T02:50:57.357Z] >>> [apiv2][query] GET https://cloudbilling.googleapis.com/v1/projects/dujjunku-69346858/billingInfo [none]
[debug] [2026-02-05T02:50:57.404Z] No OAuth tokens found
[debug] [2026-02-05T02:50:57.404Z] >>> [apiv2][query] GET https://cloudbilling.googleapis.com/v1/projects/dujjunku-69346858/billingInfo [none]
[debug] [2026-02-05T02:50:57.789Z] <<< [apiv2][status] GET https://cloudbilling.googleapis.com/v1/projects/dujjunku-69346858/billingInfo 403
[debug] [2026-02-05T02:50:57.789Z] <<< [apiv2][body] GET https://cloudbilling.googleapis.com/v1/projects/dujjunku-69346858/billingInfo {"error":{"code":403,"message":"The caller does not have permission","status":"PERMISSION_DENIED"}}
[error] Failed to fetch Firebase Project from Studio Workspace because WORKSPACE_SLUG environment variable is empty
[error] Failed to fetch Firebase Project from Studio Workspace because WORKSPACE_SLUG environment variable is empty
[debug] [2026-02-05T02:50:57.805Z] > command requires scopes: ["email","openid","https://www.googleapis.com/auth/cloudplatformprojects.readonly","https://www.googleapis.com/auth/firebase","https://www.googleapis.com/auth/cloud-platform","https://www.googleapis.com/auth/userinfo.email"]
[debug] [2026-02-05T02:50:57.805Z] > authorizing via signed-in user (ckdwlr98@gmail.com)
[debug] [2026-02-05T02:50:57.805Z] No OAuth tokens found
[debug] [2026-02-05T02:50:57.805Z] >>> [apiv2][query] GET https://cloudbilling.googleapis.com/v1/projects/dujjunku-69346858/billingInfo [none]
[error] Failed to fetch Firebase Project from Studio Workspace because WORKSPACE_SLUG environment variable is empty
[error] Failed to fetch Firebase Project from Studio Workspace because WORKSPACE_SLUG environment variable is empty
[debug] [2026-02-05T02:50:57.811Z] > command requires scopes: ["email","openid","https://www.googleapis.com/auth/cloudplatformprojects.readonly","https://www.googleapis.com/auth/firebase","https://www.googleapis.com/auth/cloud-platform","https://www.googleapis.com/auth/userinfo.email"]
[debug] [2026-02-05T02:50:57.811Z] > authorizing via signed-in user (ckdwlr98@gmail.com)
[debug] [2026-02-05T02:50:57.812Z] No OAuth tokens found
[debug] [2026-02-05T02:50:57.812Z] >>> [apiv2][query] GET https://cloudbilling.googleapis.com/v1/projects/dujjunku-69346858/billingInfo [none]
[debug] [2026-02-05T02:50:58.479Z] <<< [apiv2][status] GET https://cloudbilling.googleapis.com/v1/projects/dujjunku-69346858/billingInfo 403
